<?xml version="1.0" encoding="UTF-8" ?>
<testsuite tests="44" failures="0" name="org.owasp.validator.html.test.AntiSamyTest" time="4.908" errors="0" skipped="0">
  <properties>
[...]
</properties>
  <testcase classname="org.owasp.validator.html.test.AntiSamyTest" name="comparePatternSpeed" time="0.034"/>
  <testcase classname="org.owasp.validator.html.test.AntiSamyTest" name="validateParamAsEmbed" time="0.015"/>
  <testcase classname="org.owasp.validator.html.test.AntiSamyTest" name="literalLists" time="0.011"/>
  <testcase classname="org.owasp.validator.html.test.AntiSamyTest" name="nofollowAnchors" time="0.009"/>
  <testcase classname="org.owasp.validator.html.test.AntiSamyTest" name="testXSSInAntiSamy151" time="0.007"/>
  <testcase classname="org.owasp.validator.html.test.AntiSamyTest" name="IllegalXML" time="0.026"/>
  <testcase classname="org.owasp.validator.html.test.AntiSamyTest" name="compareSpeedsShortStrings" time="0.148"/>
  <testcase classname="org.owasp.validator.html.test.AntiSamyTest" name="stackExhaustion" time="0.014"/>
  <testcase classname="org.owasp.validator.html.test.AntiSamyTest" name="profileDom" time="2.489"/>
  <testcase classname="org.owasp.validator.html.test.AntiSamyTest" name="profileSax" time="1.924"/>
  <testcase classname="org.owasp.validator.html.test.AntiSamyTest" name="scriptAttacks" time="0.009"/>
  <testcase classname="org.owasp.validator.html.test.AntiSamyTest" name="testAnotherXSS" time="0.007"/>
  <testcase classname="org.owasp.validator.html.test.AntiSamyTest" name="cssAttacks" time="0.005"/>
  <testcase classname="org.owasp.validator.html.test.AntiSamyTest" name="iframeAsReportedByOndrej" time="0.005"/>
  <testcase classname="org.owasp.validator.html.test.AntiSamyTest" name="SAX" time="0.005"/>
  <testcase classname="org.owasp.validator.html.test.AntiSamyTest" name="testWhitespaceNotBeingMangled" time="0.011"/>
  <testcase classname="org.owasp.validator.html.test.AntiSamyTest" name="issue101InternationalCharacterSupport" time="0.007"/>
  <testcase classname="org.owasp.validator.html.test.AntiSamyTest" name="nestedCdataAttacks" time="0.008"/>
  <testcase classname="org.owasp.validator.html.test.AntiSamyTest" name="isssue31" time="0.005"/>
  <testcase classname="org.owasp.validator.html.test.AntiSamyTest" name="isssue56" time="0.008"/>
  <testcase classname="org.owasp.validator.html.test.AntiSamyTest" name="issue107" time="0.005"/>
  <testcase classname="org.owasp.validator.html.test.AntiSamyTest" name="issue112" time="0.006"/>
  <testcase classname="org.owasp.validator.html.test.AntiSamyTest" name="issue144" time="0.005"/>
  <testcase classname="org.owasp.validator.html.test.AntiSamyTest" name="issue147" time="0.006"/>
  <testcase classname="org.owasp.validator.html.test.AntiSamyTest" name="imgAttacks" time="0.005"/>
  <testcase classname="org.owasp.validator.html.test.AntiSamyTest" name="hrefAttacks" time="0.011"/>
  <testcase classname="org.owasp.validator.html.test.AntiSamyTest" name="CDATAByPass" time="0.007"/>
  <testcase classname="org.owasp.validator.html.test.AntiSamyTest" name="issue12" time="0.005"/>
  <testcase classname="org.owasp.validator.html.test.AntiSamyTest" name="issue20" time="0.011"/>
  <testcase classname="org.owasp.validator.html.test.AntiSamyTest" name="issue25" time="0.008"/>
  <testcase classname="org.owasp.validator.html.test.AntiSamyTest" name="issue28" time="0.004"/>
  <testcase classname="org.owasp.validator.html.test.AntiSamyTest" name="issue29" time="0.005"/>
  <testcase classname="org.owasp.validator.html.test.AntiSamyTest" name="issue30" time="0.004"/>
  <testcase classname="org.owasp.validator.html.test.AntiSamyTest" name="issue32" time="0.006"/>
  <testcase classname="org.owasp.validator.html.test.AntiSamyTest" name="issue37" time="0.02"/>
  <testcase classname="org.owasp.validator.html.test.AntiSamyTest" name="issue38" time="0.008"/>
  <testcase classname="org.owasp.validator.html.test.AntiSamyTest" name="issue40" time="0.006"/>
  <testcase classname="org.owasp.validator.html.test.AntiSamyTest" name="issue41" time="0.007"/>
  <testcase classname="org.owasp.validator.html.test.AntiSamyTest" name="issue44" time="0.006"/>
  <testcase classname="org.owasp.validator.html.test.AntiSamyTest" name="issue51" time="0.004"/>
  <testcase classname="org.owasp.validator.html.test.AntiSamyTest" name="issue58" time="0.005"/>
  <testcase classname="org.owasp.validator.html.test.AntiSamyTest" name="issue61" time="0.005"/>
  <testcase classname="org.owasp.validator.html.test.AntiSamyTest" name="issue69" time="0.005"/>
  <testcase classname="org.owasp.validator.html.test.AntiSamyTest" name="issue75" time="0.007"/>
</testsuite>